[2025-03-15 08:00:01] INFO: Server starting on port 8080
[2025-03-15 08:00:02] INFO: Loading configuration from /etc/app/config.yml
[2025-03-15 08:00:03] INFO: Database connection pool initialised (max=20)
[2025-03-15 08:00:04] INFO: Cache layer ready
[2025-03-15 08:00:05] INFO: HTTP server ready
[2025-03-15 08:01:12] INFO: GET /api/users 200 (12ms)
[2025-03-15 08:01:14] INFO: GET /api/products 200 (8ms)
[2025-03-15 08:01:19] WARN: Response time exceeded threshold: GET /api/reports 1240ms
[2025-03-15 08:01:22] INFO: POST /api/orders 201 (34ms)
[2025-03-15 08:02:05] ERROR: Database query timeout after 5000ms — SELECT * FROM analytics WHERE date > '2025-03-01'
[2025-03-15 08:02:05] WARN: Retrying failed query (attempt 1/3)
[2025-03-15 08:02:10] WARN: Retrying failed query (attempt 2/3)
[2025-03-15 08:02:15] ERROR: Query retry exhausted — falling back to cache
[2025-03-15 08:02:16] INFO: GET /api/analytics 200 (served from cache)
[2025-03-15 08:03:44] INFO: POST /api/users 201 (22ms)
[2025-03-15 08:03:51] INFO: DELETE /api/sessions/4821 204 (6ms)
[2025-03-15 08:04:00] WARN: Memory usage at 78% — threshold is 75%
[2025-03-15 08:04:01] INFO: Garbage collection triggered
[2025-03-15 08:04:02] INFO: Memory usage back to 61%
[2025-03-15 08:05:30] ERROR: Failed to write to disk: /var/app/uploads — No space left on device
[2025-03-15 08:05:30] ERROR: Upload request aborted for user 9023
[2025-03-15 08:05:31] WARN: Disk usage at 99% on /var/app
[2025-03-15 08:06:00] INFO: Scheduled job 'cleanup-temp' started
[2025-03-15 08:06:04] INFO: Scheduled job 'cleanup-temp' removed 2.1 GB of temporary files
[2025-03-15 08:06:04] INFO: Disk usage now at 54%
[2025-03-15 08:07:18] INFO: GET /api/users 200 (11ms)
[2025-03-15 08:07:22] ERROR: Authentication service unreachable — connection refused on port 9000
[2025-03-15 08:07:22] WARN: Falling back to cached token validation
[2025-03-15 08:07:25] INFO: POST /api/login 200 (validated via cache)
[2025-03-15 08:08:00] INFO: Health check passed
[2025-03-15 08:09:11] WARN: Rate limit approaching for IP 203.0.113.44 (950/1000 req/min)
[2025-03-15 08:09:14] ERROR: Rate limit exceeded for IP 203.0.113.44 — requests blocked
[2025-03-15 08:09:20] INFO: GET /api/products 200 (9ms)
[2025-03-15 08:10:00] INFO: Health check passed
[2025-03-15 08:11:03] INFO: WebSocket connection opened for user 1042
[2025-03-15 08:11:45] INFO: GET /api/dashboard 200 (18ms)
[2025-03-15 08:12:00] INFO: Health check passed
[2025-03-15 08:12:33] WARN: SSL certificate expires in 14 days
[2025-03-15 08:13:05] INFO: POST /api/orders 201 (29ms)
[2025-03-15 08:14:00] INFO: Health check passed
[2025-03-15 08:15:00] INFO: Health check passed
[2025-03-15 08:15:44] ERROR: Unhandled exception in worker thread — NullPointerException at OrderService.java:142
[2025-03-15 08:15:44] ERROR: Worker thread restarting
[2025-03-15 08:16:00] INFO: Health check passed
[2025-03-15 08:16:01] INFO: Worker thread recovered
